# JRE version: OpenJDK Runtime Environment (8.0_292-b10) (build 1.8.0_292-b10)
# Java VM: OpenJDK 64-Bit Server VM (25.292-b10 mixed mode windows-amd64 compressed oops)
Heap:
 PSYoungGen      total 203264K, used 58535K [0x00000000d5580000, 0x00000000e3980000, 0x0000000100000000)
  eden space 187392K, 31% used [0x00000000d5580000,0x00000000d8ea9f78,0x00000000e0c80000)
  from space 15872K, 0% used [0x00000000e1f80000,0x00000000e1f80000,0x00000000e2f00000)
  to   space 19456K, 0% used [0x00000000e0c80000,0x00000000e0c80000,0x00000000e1f80000)
 ParOldGen       total 217600K, used 32443K [0x0000000080000000, 0x000000008d480000, 0x00000000d5580000)
  object space 217600K, 14% used [0x0000000080000000,0x0000000081faed90,0x000000008d480000)
 Metaspace       used 58288K, capacity 60704K, committed 60928K, reserved 1101824K
  class space    used 7865K, capacity 8347K, committed 8448K, reserved 1048576K
GC Heap History (10 events):
Event: 10.598 GC heap before
{Heap before GC invocations=9 (full 2):
 PSYoungGen      total 113664K, used 7599K [0x00000000d5580000, 0x00000000e0500000, 0x0000000100000000)
  eden space 100864K, 0% used [0x00000000d5580000,0x00000000d5580000,0x00000000db800000)
  from space 12800K, 59% used [0x00000000db800000,0x00000000dbf6bdd0,0x00000000dc480000)
  to   space 12288K, 0% used [0x00000000df900000,0x00000000df900000,0x00000000e0500000)
 ParOldGen       total 99840K, used 8221K [0x0000000080000000, 0x0000000086180000, 0x00000000d5580000)
  object space 99840K, 8% used [0x0000000080000000,0x00000000808077e0,0x0000000086180000)
 Metaspace       used 34095K, capacity 35390K, committed 35416K, reserved 1079296K
  class space    used 4813K, capacity 5114K, committed 5120K, reserved 1048576K
Event: 10.634 GC heap after
Heap after GC invocations=9 (full 2):
 PSYoungGen      total 113664K, used 0K [0x00000000d5580000, 0x00000000e0500000, 0x0000000100000000)
  eden space 100864K, 0% used [0x00000000d5580000,0x00000000d5580000,0x00000000db800000)
  from space 12800K, 0% used [0x00000000db800000,0x00000000db800000,0x00000000dc480000)
  to   space 12288K, 0% used [0x00000000df900000,0x00000000df900000,0x00000000e0500000)
 ParOldGen       total 149504K, used 14421K [0x0000000080000000, 0x0000000089200000, 0x00000000d5580000)
  object space 149504K, 9% used [0x0000000080000000,0x0000000080e15720,0x0000000089200000)
 Metaspace       used 34095K, capacity 35390K, committed 35416K, reserved 1079296K
  class space    used 4813K, capacity 5114K, committed 5120K, reserved 1048576K
}
Event: 13.042 GC heap before
{Heap before GC invocations=10 (full 2):
 PSYoungGen      total 113664K, used 100864K [0x00000000d5580000, 0x00000000e0500000, 0x0000000100000000)
  eden space 100864K, 100% used [0x00000000d5580000,0x00000000db800000,0x00000000db800000)
  from space 12800K, 0% used [0x00000000db800000,0x00000000db800000,0x00000000dc480000)
  to   space 12288K, 0% used [0x00000000df900000,0x00000000df900000,0x00000000e0500000)
 ParOldGen       total 149504K, used 14421K [0x0000000080000000, 0x0000000089200000, 0x00000000d5580000)
  object space 149504K, 9% used [0x0000000080000000,0x0000000080e15720,0x0000000089200000)
 Metaspace       used 40686K, capacity 42252K, committed 42624K, reserved 1085440K
  class space    used 5563K, capacity 5890K, committed 6016K, reserved 1048576K
Event: 13.051 GC heap after
Heap after GC invocations=10 (full 2):
 PSYoungGen      total 161792K, used 10623K [0x00000000d5580000, 0x00000000e0380000, 0x0000000100000000)
  eden space 151040K, 0% used [0x00000000d5580000,0x00000000d5580000,0x00000000de900000)
  from space 10752K, 98% used [0x00000000df900000,0x00000000e035fe78,0x00000000e0380000)
  to   space 13312K, 0% used [0x00000000de980000,0x00000000de980000,0x00000000df680000)
 ParOldGen       total 149504K, used 14429K [0x0000000080000000, 0x0000000089200000, 0x00000000d5580000)
  object space 149504K, 9% used [0x0000000080000000,0x0000000080e17720,0x0000000089200000)
 Metaspace       used 40686K, capacity 42252K, committed 42624K, reserved 1085440K
  class space    used 5563K, capacity 5890K, committed 6016K, reserved 1048576K
}
Event: 22.727 GC heap before
{Heap before GC invocations=11 (full 2):
 PSYoungGen      total 161792K, used 161663K [0x00000000d5580000, 0x00000000e0380000, 0x0000000100000000)
  eden space 151040K, 100% used [0x00000000d5580000,0x00000000de900000,0x00000000de900000)
  from space 10752K, 98% used [0x00000000df900000,0x00000000e035fe78,0x00000000e0380000)
  to   space 13312K, 0% used [0x00000000de980000,0x00000000de980000,0x00000000df680000)
 ParOldGen       total 149504K, used 14429K [0x0000000080000000, 0x0000000089200000, 0x00000000d5580000)
  object space 149504K, 9% used [0x0000000080000000,0x0000000080e17720,0x0000000089200000)
 Metaspace       used 48373K, capacity 50528K, committed 50816K, reserved 1093632K
  class space    used 6570K, capacity 6982K, committed 7040K, reserved 1048576K
Event: 22.739 GC heap after
Heap after GC invocations=11 (full 2):
 PSYoungGen      total 164864K, used 13286K [0x00000000d5580000, 0x00000000e2f00000, 0x0000000100000000)
  eden space 151552K, 0% used [0x00000000d5580000,0x00000000d5580000,0x00000000de980000)
  from space 13312K, 99% used [0x00000000de980000,0x00000000df6798d8,0x00000000df680000)
  to   space 15872K, 0% used [0x00000000e1f80000,0x00000000e1f80000,0x00000000e2f00000)
 ParOldGen       total 149504K, used 17993K [0x0000000080000000, 0x0000000089200000, 0x00000000d5580000)
  object space 149504K, 12% used [0x0000000080000000,0x0000000081192508,0x0000000089200000)
 Metaspace       used 48373K, capacity 50528K, committed 50816K, reserved 1093632K
  class space    used 6570K, capacity 6982K, committed 7040K, reserved 1048576K
}
Event: 24.666 GC heap before
{Heap before GC invocations=12 (full 2):
 PSYoungGen      total 164864K, used 104529K [0x00000000d5580000, 0x00000000e2f00000, 0x0000000100000000)
  eden space 151552K, 60% used [0x00000000d5580000,0x00000000dae9acf0,0x00000000de980000)
  from space 13312K, 99% used [0x00000000de980000,0x00000000df6798d8,0x00000000df680000)
  to   space 15872K, 0% used [0x00000000e1f80000,0x00000000e1f80000,0x00000000e2f00000)
 ParOldGen       total 149504K, used 17993K [0x0000000080000000, 0x0000000089200000, 0x00000000d5580000)
  object space 149504K, 12% used [0x0000000080000000,0x0000000081192508,0x0000000089200000)
 Metaspace       used 56465K, capacity 58934K, committed 59028K, reserved 1099776K
  class space    used 7649K, capacity 8138K, committed 8192K, reserved 1048576K
Event: 24.680 GC heap after
Heap after GC invocations=12 (full 2):
 PSYoungGen      total 203264K, used 15860K [0x00000000d5580000, 0x00000000e3980000, 0x0000000100000000)
  eden space 187392K, 0% used [0x00000000d5580000,0x00000000d5580000,0x00000000e0c80000)
  from space 15872K, 99% used [0x00000000e1f80000,0x00000000e2efd3f0,0x00000000e2f00000)
  to   space 19456K, 0% used [0x00000000e0c80000,0x00000000e0c80000,0x00000000e1f80000)
 ParOldGen       total 149504K, used 22460K [0x0000000080000000, 0x0000000089200000, 0x00000000d5580000)
  object space 149504K, 15% used [0x0000000080000000,0x00000000815ef3a0,0x0000000089200000)
 Metaspace       used 56465K, capacity 58934K, committed 59028K, reserved 1099776K
  class space    used 7649K, capacity 8138K, committed 8192K, reserved 1048576K
}
Event: 24.680 GC heap before
{Heap before GC invocations=13 (full 3):
 PSYoungGen      total 203264K, used 15860K [0x00000000d5580000, 0x00000000e3980000, 0x0000000100000000)
  eden space 187392K, 0% used [0x00000000d5580000,0x00000000d5580000,0x00000000e0c80000)
  from space 15872K, 99% used [0x00000000e1f80000,0x00000000e2efd3f0,0x00000000e2f00000)
  to   space 19456K, 0% used [0x00000000e0c80000,0x00000000e0c80000,0x00000000e1f80000)
 ParOldGen       total 149504K, used 22460K [0x0000000080000000, 0x0000000089200000, 0x00000000d5580000)
  object space 149504K, 15% used [0x0000000080000000,0x00000000815ef3a0,0x0000000089200000)
 Metaspace       used 56465K, capacity 58934K, committed 59028K, reserved 1099776K
  class space    used 7649K, capacity 8138K, committed 8192K, reserved 1048576K
Event: 24.822 GC heap after
Heap after GC invocations=13 (full 3):
 PSYoungGen      total 203264K, used 0K [0x00000000d5580000, 0x00000000e3980000, 0x0000000100000000)
  eden space 187392K, 0% used [0x00000000d5580000,0x00000000d5580000,0x00000000e0c80000)
  from space 15872K, 0% used [0x00000000e1f80000,0x00000000e1f80000,0x00000000e2f00000)
  to   space 19456K, 0% used [0x00000000e0c80000,0x00000000e0c80000,0x00000000e1f80000)
 ParOldGen       total 217600K, used 32443K [0x0000000080000000, 0x000000008d480000, 0x00000000d5580000)
  object space 217600K, 14% used [0x0000000080000000,0x0000000081faed90,0x000000008d480000)
 Metaspace       used 56371K, capacity 58672K, committed 59028K, reserved 1099776K
  class space    used 7623K, capacity 8099K, committed 8192K, reserved 1048576K
}

